<?xml version="1.0" encoding="UTF-8"?>
<testsuite xmlns:xsi="http://www.w3.org/2001/XMLSchema-instance" xsi:noNamespaceSchemaLocation="https://maven.apache.org/surefire/maven-surefire-plugin/xsd/surefire-test-report-3.0.xsd" version="3.0" name="flightapp.FlightServiceTest" time="1.977" tests="1" errors="0" skipped="0" failures="0">
  <properties>
[...]
</properties>
  <testcase name="runTest[0]" classname="flightapp.FlightServiceTest" time="1.34">
    <system-out><![CDATA[Running test setup...
... using dbconn.properties for test credentials
... attempting to connect as cartierc@flights to server localhost
... resetting database (ie, dropping all tables with suffix: cartierc)
... running createTables.sql

Starting tests
Running test file: /homes/iws/cartierc/cse344-hw/flightapp/cases/transaction/book/book_2Users1FlightNoCapacity.test.txt
]]></system-out>
    <system-err><![CDATA[org.postgresql.util.PSQLException: ERROR: duplicate key value violates unique constraint "reservation_cartierc_pkey"
  Detail: Key (rid)=(1) already exists.
	at org.postgresql.core.v3.QueryExecutorImpl.receiveErrorResponse(QueryExecutorImpl.java:2733)
	at org.postgresql.core.v3.QueryExecutorImpl.processResults(QueryExecutorImpl.java:2420)
	at org.postgresql.core.v3.QueryExecutorImpl.execute(QueryExecutorImpl.java:372)
	at org.postgresql.jdbc.PgStatement.executeInternal(PgStatement.java:517)
	at org.postgresql.jdbc.PgStatement.execute(PgStatement.java:434)
	at org.postgresql.jdbc.PgPreparedStatement.executeWithFlags(PgPreparedStatement.java:194)
	at org.postgresql.jdbc.PgPreparedStatement.executeUpdate(PgPreparedStatement.java:155)
	at flightapp.Query.transaction_book(Query.java:398)
	at flightapp.QueryAbstract.book(QueryAbstract.java:160)
	at flightapp.FlightService.execute(FlightService.java:67)
	at flightapp.FlightServiceTest$Session.call(FlightServiceTest.java:168)
	at flightapp.FlightServiceTest$Session.call(FlightServiceTest.java:115)
	at java.base/java.util.concurrent.FutureTask.run(FutureTask.java:317)
	at java.base/java.util.concurrent.ThreadPoolExecutor.runWorker(ThreadPoolExecutor.java:1144)
	at java.base/java.util.concurrent.ThreadPoolExecutor$Worker.run(ThreadPoolExecutor.java:642)
	at java.base/java.lang.Thread.run(Thread.java:1583)
]]></system-err>
  </testcase>
</testsuite>